platforms/tempPlugin/email/build/intermediates/manifest_merge_blame_file/release/manifest-merger-blame-release-report.txt
1<?xml version="1.0" encoding="utf-8"?>
2<manifest xmlns:android="http://schemas.android.com/apk/res/android"
3    xmlns:tools="http://schemas.android.com/tools"
4    package="org.nativescript.email"
5    android:versionCode="1"
6    android:versionName="1.0" >
7
8    <uses-sdk android:targetSdkVersion="26" />
8-->src\main\AndroidManifest.xml
9
10    <application>
10-->src\main\AndroidManifest.xml:3:3-7:17
11        <provider
11-->src\main\AndroidManifest.xml:4:5-6:16
12            android:name="androidx.core.content.FileProvider"
12-->src\main\AndroidManifest.xml:4:15-64
13            android:authorities="${applicationId}.provider"
13-->src\main\AndroidManifest.xml:4:65-112
14            android:exported="false"
14-->src\main\AndroidManifest.xml:4:113-137
15            android:grantUriPermissions="true" >
15-->src\main\AndroidManifest.xml:4:138-172
16            <meta-data
16-->src\main\AndroidManifest.xml:5:7-142
17                android:name="android.support.FILE_PROVIDER_PATHS"
17-->src\main\AndroidManifest.xml:5:18-68
18                android:resource="@xml/provider_paths"
18-->src\main\AndroidManifest.xml:5:102-140
19                tools:replace="android:resource" />
19-->src\main\AndroidManifest.xml:5:69-101
20        </provider>
21    </application>
22
23</manifest>